{
  "RSpec": {
    "coverage": {
      "/home/daniel/projects/earlymarket/coposition/spec/controllers/api/api_controller_spec.rb": [
        1,
        null,
        1,
        null,
        null
      ],
      "/home/daniel/projects/earlymarket/coposition/spec/rails_helper.rb": [
        null,
        1,
        1,
        null,
        1,
        1,
        1,
        null,
        null,
        1,
        null,
        null,
        null,
        null,
        null,
        null,
        null,
        null,
        null,
        null,
        null,
        null,
        null,
        null,
        null,
        null,
        1,
        2,
        null,
        null,
        null,
        1,
        null,
        1,
        null,
        1,
        null,
        null,
        null,
        null,
        1,
        null,
        null,
        null,
        null,
        null,
        null,
        null,
        null,
        null,
        null,
        null,
        null,
        null,
        null,
        1,
        null,
        1,
        1,
        1,
        null,
        null,
        1,
        15,
        15,
        null,
        null,
        null,
        1,
        1,
        null,
        null
      ],
      "/home/daniel/projects/earlymarket/coposition/config/environment.rb": [
        null,
        1,
        null,
        null,
        1
      ],
      "/home/daniel/projects/earlymarket/coposition/config/application.rb": [
        1,
        null,
        1,
        null,
        1,
        1,
        1,
        1,
        1,
        1,
        1,
        null,
        null,
        null,
        null,
        null,
        1,
        null,
        1,
        1,
        null,
        null,
        null,
        null,
        null,
        null,
        null,
        null,
        null,
        null,
        null,
        null,
        null,
        1,
        null,
        1,
        null,
        1,
        null,
        null
      ],
      "/home/daniel/projects/earlymarket/coposition/config/boot.rb": [
        1,
        null,
        1
      ],
      "/home/daniel/projects/earlymarket/coposition/lib/approval_methods.rb": [
        1,
        null,
        1,
        6,
        null,
        null,
        1,
        3,
        null,
        null,
        1,
        2,
        null,
        null,
        1,
        1,
        null,
        null,
        1,
        2,
        2,
        2,
        null,
        null,
        1,
        0,
        0,
        0,
        null,
        0,
        null,
        null,
        null,
        null
      ],
      "/home/daniel/projects/earlymarket/coposition/lib/request_fixture.rb": [
        1,
        null,
        1,
        11,
        null,
        null,
        1,
        null,
        8,
        null,
        null,
        1,
        null,
        11,
        null,
        null,
        null
      ],
      "/home/daniel/projects/earlymarket/coposition/config/environments/test.rb": [
        1,
        null,
        null,
        null,
        null,
        null,
        null,
        1,
        null,
        null,
        null,
        null,
        1,
        null,
        null,
        1,
        1,
        null,
        null,
        1,
        1,
        null,
        null,
        1,
        null,
        null,
        1,
        null,
        null,
        null,
        null,
        1,
        null,
        null,
        1,
        null,
        null,
        1,
        null,
        null,
        null,
        null
      ],
      "/home/daniel/projects/earlymarket/coposition/config/initializers/assets.rb": [
        null,
        null,
        null,
        1,
        null,
        null,
        null,
        null,
        null,
        null,
        null
      ],
      "/home/daniel/projects/earlymarket/coposition/config/initializers/backtrace_silencers.rb": [
        null,
        null,
        null,
        null,
        null,
        null,
        null
      ],
      "/home/daniel/projects/earlymarket/coposition/config/initializers/cookies_serializer.rb": [
        null,
        null,
        1
      ],
      "/home/daniel/projects/earlymarket/coposition/config/initializers/devise.rb": [
        null,
        null,
        1,
        null,
        null,
        null,
        null,
        null,
        null,
        null,
        null,
        null,
        null,
        null,
        1,
        null,
        null,
        null,
        null,
        null,
        null,
        null,
        null,
        1,
        null,
        null,
        null,
        null,
        null,
        null,
        null,
        null,
        null,
        null,
        null,
        null,
        null,
        null,
        null,
        null,
        null,
        null,
        null,
        null,
        null,
        1,
        null,
        null,
        null,
        null,
        1,
        null,
        null,
        null,
        null,
        null,
        null,
        null,
        null,
        null,
        null,
        null,
        null,
        null,
        null,
        null,
        null,
        null,
        null,
        null,
        null,
        null,
        null,
        null,
        null,
        null,
        null,
        null,
        null,
        null,
        null,
        1,
        null,
        null,
        null,
        null,
        null,
        null,
        null,
        null,
        null,
        null,
        null,
        null,
        null,
        null,
        null,
        null,
        1,
        null,
        null,
        null,
        null,
        null,
        null,
        null,
        null,
        null,
        null,
        null,
        null,
        null,
        null,
        null,
        null,
        null,
        null,
        null,
        null,
        null,
        null,
        null,
        null,
        1,
        null,
        null,
        null,
        null,
        null,
        null,
        null,
        null,
        null,
        1,
        null,
        null,
        null,
        null,
        null,
        null,
        null,
        null,
        null,
        null,
        1,
        null,
        null,
        null,
        null,
        null,
        null,
        null,
        null,
        null,
        null,
        null,
        null,
        null,
        null,
        null,
        null,
        null,
        null,
        null,
        null,
        null,
        null,
        null,
        null,
        null,
        null,
        null,
        null,
        null,
        null,
        null,
        null,
        null,
        null,
        null,
        null,
        null,
        null,
        null,
        null,
        null,
        null,
        null,
        null,
        null,
        null,
        null,
        null,
        1,
        null,
        null,
        null,
        null,
        null,
        null,
        null,
        null,
        null,
        null,
        null,
        null,
        null,
        null,
        null,
        null,
        null,
        null,
        null,
        null,
        null,
        null,
        null,
        null,
        null,
        null,
        null,
        null,
        null,
        null,
        null,
        null,
        null,
        null,
        null,
        null,
        null,
        null,
        null,
        null,
        null,
        1,
        null,
        null,
        null,
        null,
        null,
        null,
        null,
        null,
        null,
        null,
        null,
        null,
        null,
        null,
        null,
        null,
        null,
        null,
        null,
        null,
        null,
        null,
        null,
        null,
        null,
        null,
        null,
        null,
        null,
        null,
        1,
        null,
        null
      ],
      "/home/daniel/projects/earlymarket/coposition/config/initializers/filter_parameter_logging.rb": [
        null,
        null,
        null,
        1
      ],
      "/home/daniel/projects/earlymarket/coposition/config/initializers/friendly_id.rb": [
        null,
        null,
        null,
        null,
        null,
        null,
        null,
        null,
        null,
        null,
        null,
        1,
        null,
        null,
        null,
        null,
        1,
        null,
        1,
        null,
        null,
        null,
        null,
        null,
        null,
        null,
        null,
        null,
        null,
        null,
        null,
        null,
        null,
        null,
        null,
        null,
        null,
        null,
        null,
        null,
        null,
        null,
        null,
        null,
        null,
        null,
        null,
        null,
        null,
        null,
        null,
        null,
        null,
        null,
        null,
        null,
        null,
        null,
        null,
        null,
        null,
        null,
        null,
        null,
        null,
        null,
        null,
        null,
        null,
        null,
        null,
        null,
        null,
        null,
        null,
        null,
        null,
        null,
        null,
        null,
        null,
        null,
        null,
        null,
        null,
        null,
        null,
        null
      ],
      "/home/daniel/projects/earlymarket/coposition/config/initializers/inflections.rb": [
        null,
        null,
        null,
        null,
        null,
        null,
        null,
        null,
        null,
        null,
        null,
        null,
        null,
        null,
        null,
        null
      ],
      "/home/daniel/projects/earlymarket/coposition/config/initializers/mime_types.rb": [
        null,
        null,
        null,
        null
      ],
      "/home/daniel/projects/earlymarket/coposition/config/initializers/session_store.rb": [
        null,
        null,
        1
      ],
      "/home/daniel/projects/earlymarket/coposition/config/initializers/wrap_parameters.rb": [
        null,
        null,
        null,
        null,
        null,
        null,
        1,
        1,
        null,
        null,
        null,
        null,
        null,
        null
      ],
      "/home/daniel/projects/earlymarket/coposition/spec/factories/checkins.rb": [
        1,
        1,
        1,
        4,
        4,
        4,
        4,
        4,
        4,
        4,
        4,
        4,
        4,
        4,
        null,
        null,
        null
      ],
      "/home/daniel/projects/earlymarket/coposition/spec/factories/developers.rb": [
        1,
        1,
        3,
        3,
        1,
        1,
        null,
        null,
        null
      ],
      "/home/daniel/projects/earlymarket/coposition/spec/factories/users.rb": [
        1,
        1,
        5,
        5,
        1,
        1,
        null,
        null,
        null
      ],
      "/home/daniel/projects/earlymarket/coposition/config/routes.rb": [
        1,
        null,
        1,
        null,
        null,
        null,
        null,
        1,
        null,
        1,
        null,
        null,
        null,
        null,
        null,
        null,
        1,
        null,
        1,
        1,
        1,
        1,
        1,
        1,
        1,
        null,
        null,
        null,
        null,
        null,
        null,
        null,
        null,
        null,
        null,
        1,
        1,
        1,
        1,
        1,
        1,
        null,
        null,
        null,
        null,
        null,
        null,
        null,
        null,
        1,
        1,
        1,
        null,
        null,
        null,
        null,
        null,
        null,
        null,
        null,
        1,
        1,
        1,
        1,
        1,
        null,
        null,
        1,
        null,
        null,
        null
      ],
      "/home/daniel/projects/earlymarket/coposition/app/models/user.rb": [
        1,
        1,
        1,
        null,
        1,
        null,
        1,
        null,
        null,
        1,
        null,
        1,
        1,
        1,
        null,
        1,
        0,
        0,
        null,
        null,
        null,
        null,
        null,
        0,
        null,
        0,
        null,
        null,
        null
      ],
      "/home/daniel/projects/earlymarket/coposition/app/models/developer.rb": [
        1,
        1,
        null,
        null,
        null,
        1,
        null,
        null,
        null,
        1,
        1,
        null,
        1,
        2,
        null,
        null,
        1,
        2,
        2,
        2,
        null,
        null,
        null,
        null,
        null,
        null,
        null
      ],
      "/home/daniel/projects/earlymarket/coposition/app/helpers/api/api_helper.rb": [
        1,
        null
      ],
      "/home/daniel/projects/earlymarket/coposition/app/helpers/api/v1/users_helper.rb": [
        1,
        null
      ],
      "/home/daniel/projects/earlymarket/coposition/app/helpers/application_helper.rb": [
        1,
        null
      ],
      "/home/daniel/projects/earlymarket/coposition/app/helpers/checkins_helper.rb": [
        1,
        null
      ],
      "/home/daniel/projects/earlymarket/coposition/app/helpers/welcome_helper.rb": [
        1,
        null
      ],
      "/home/daniel/projects/earlymarket/coposition/spec/support/controller_macros.rb": [
        1,
        null,
        null,
        null,
        null,
        null,
        null,
        null,
        1,
        1,
        2,
        2,
        2,
        null,
        null,
        null
      ],
      "/home/daniel/projects/earlymarket/coposition/app/controllers/api/api_controller.rb": [
        1,
        null,
        1,
        null,
        1,
        0,
        0,
        null,
        0,
        0,
        0,
        null,
        null,
        null,
        1,
        0,
        0,
        null,
        null
      ],
      "/home/daniel/projects/earlymarket/coposition/spec/controllers/api/v1/users_controller_spec.rb": [
        1,
        null,
        1,
        null,
        null
      ],
      "/home/daniel/projects/earlymarket/coposition/app/controllers/api/v1/users_controller.rb": [
        1,
        1,
        null,
        1,
        null,
        1,
        0,
        0,
        null,
        null,
        1,
        0,
        0,
        null,
        null,
        null
      ],
      "/home/daniel/projects/earlymarket/coposition/spec/controllers/checkins_controller_spec.rb": [
        1,
        null,
        1,
        null,
        1,
        1,
        1,
        1,
        null,
        null,
        1,
        null,
        null,
        1,
        1,
        1,
        null,
        null,
        1,
        null,
        null,
        1,
        1,
        1,
        1,
        1,
        1,
        1,
        null,
        1,
        null,
        null,
        null,
        null
      ],
      "/home/daniel/projects/earlymarket/coposition/app/controllers/redbox/checkins_controller.rb": [
        1,
        null,
        1,
        null,
        1,
        0,
        null,
        null,
        1,
        1,
        1,
        0,
        null,
        null,
        1,
        null,
        null,
        null,
        1,
        2,
        2,
        null,
        null,
        1,
        0,
        0,
        null,
        null,
        1,
        null,
        null,
        1,
        0,
        0,
        0,
        null,
        null,
        0,
        null,
        null,
        null
      ],
      "/home/daniel/projects/earlymarket/coposition/app/controllers/application_controller.rb": [
        1,
        null,
        null,
        1,
        null,
        1,
        0,
        0,
        0,
        null,
        0,
        null,
        null,
        null,
        1,
        null,
        1,
        null,
        null,
        null,
        null,
        0,
        0,
        0,
        null,
        null
      ],
      "/home/daniel/projects/earlymarket/coposition/spec/controllers/devices_controller_spec.rb": [
        1,
        null,
        1,
        null,
        1,
        null,
        1,
        null,
        1,
        null,
        null,
        1,
        null,
        1,
        1,
        null,
        null,
        1,
        null,
        1,
        1,
        null,
        1,
        1,
        1,
        null,
        null,
        null,
        null,
        null
      ],
      "/home/daniel/projects/earlymarket/coposition/app/controllers/redbox/devices_controller.rb": [
        1,
        null,
        1,
        null,
        1,
        0,
        null,
        null,
        1,
        0,
        null,
        null,
        1,
        0,
        null,
        null,
        1,
        1,
        1,
        null,
        1,
        1,
        1,
        1,
        1,
        1,
        null,
        0,
        0,
        null,
        null,
        0,
        0,
        null,
        null,
        null,
        1,
        0,
        0,
        null,
        null,
        1,
        0,
        null,
        null,
        null,
        1,
        1,
        2,
        null,
        null,
        null
      ],
      "/home/daniel/projects/earlymarket/coposition/spec/controllers/welcome_controller_spec.rb": [
        1,
        null,
        1,
        null,
        null
      ],
      "/home/daniel/projects/earlymarket/coposition/app/controllers/welcome_controller.rb": [
        1,
        null,
        1,
        null,
        null,
        null,
        null
      ],
      "/home/daniel/projects/earlymarket/coposition/spec/models/checkin_spec.rb": [
        1,
        null,
        1,
        null,
        null,
        1,
        null,
        1,
        1,
        1,
        1,
        null,
        null,
        null,
        null,
        1,
        1,
        1,
        1,
        1,
        1,
        1,
        1,
        1,
        null,
        null,
        1,
        1,
        1,
        1,
        1,
        1,
        1,
        1,
        null,
        null,
        null,
        null,
        1,
        1,
        1,
        1,
        1,
        null,
        null,
        null,
        1,
        1,
        1,
        1,
        1,
        null,
        null,
        null,
        1,
        1,
        1,
        null,
        null,
        null,
        null
      ],
      "/home/daniel/projects/earlymarket/coposition/app/models/checkin.rb": [
        1,
        null,
        1,
        null,
        null,
        null,
        1,
        2,
        11,
        null,
        11,
        11,
        4,
        4,
        4,
        null,
        11,
        null,
        null,
        null,
        1,
        11,
        null,
        null,
        null,
        null,
        1,
        1,
        null,
        null,
        1,
        null,
        1,
        2,
        6,
        2,
        null,
        null,
        1,
        11,
        null,
        null,
        1,
        null,
        1,
        11,
        null,
        null,
        null
      ],
      "/home/daniel/projects/earlymarket/coposition/spec/models/developer_spec.rb": [
        1,
        null,
        1,
        null,
        1,
        1,
        1,
        1,
        null,
        null,
        1,
        1,
        1,
        null,
        1,
        null,
        1,
        1,
        null,
        1,
        null,
        1,
        1,
        null,
        null,
        null,
        null
      ],
      "/home/daniel/projects/earlymarket/coposition/spec/models/device_spec.rb": [
        1,
        null,
        1,
        null,
        1,
        1,
        null,
        null,
        1,
        null,
        1,
        1,
        1,
        1,
        1,
        null,
        null,
        null,
        null,
        null
      ],
      "/home/daniel/projects/earlymarket/coposition/app/models/device.rb": [
        1,
        1,
        1,
        null
      ],
      "/home/daniel/projects/earlymarket/coposition/spec/models/user_spec.rb": [
        1,
        null,
        1,
        1,
        1,
        1,
        1,
        1,
        1,
        null,
        null,
        null,
        1,
        null,
        1,
        1,
        1,
        null,
        null,
        1,
        1,
        null,
        1,
        1,
        null,
        1,
        1,
        null,
        1,
        null,
        1,
        1,
        null,
        null,
        null,
        null
      ],
      "/home/daniel/projects/earlymarket/coposition/app/models/approval.rb": [
        1,
        null,
        1,
        2,
        2,
        null,
        null,
        1,
        1,
        null,
        1,
        0,
        null,
        null,
        1,
        0,
        null,
        null,
        null
      ]
    },
    "timestamp": 1443695208
  },
  "Cucumber Features": {
    "coverage": {
      "/home/daniel/projects/earlymarket/coposition/features/step_definitions/generic_steps.rb": [
        1,
        3,
        null,
        null,
        1,
        14,
        null,
        null,
        1,
        5,
        null
      ],
      "/home/daniel/projects/earlymarket/coposition/features/step_definitions/sign_in_steps.rb": [
        1,
        1,
        null,
        null,
        null,
        null,
        null,
        null,
        null,
        null,
        null,
        1,
        3,
        3,
        2,
        null,
        1,
        null,
        3,
        3,
        3,
        null,
        null,
        1,
        1,
        1,
        null,
        null
      ],
      "/home/daniel/projects/earlymarket/coposition/app/controllers/welcome_controller.rb": [
        1,
        null,
        1,
        null,
        null,
        null,
        null
      ],
      "/home/daniel/projects/earlymarket/coposition/app/controllers/application_controller.rb": [
        1,
        null,
        null,
        1,
        null,
        1,
        0,
        0,
        0,
        null,
        0,
        null,
        null,
        null,
        1,
        null,
        1,
        null,
        null,
        null,
        null,
        0,
        0,
        0,
        null,
        null
      ],
      "/home/daniel/projects/earlymarket/coposition/app/helpers/application_helper.rb": [
        1,
        null
      ],
      "/home/daniel/projects/earlymarket/coposition/app/helpers/api/api_helper.rb": [
        1,
        null
      ],
      "/home/daniel/projects/earlymarket/coposition/app/helpers/api/v1/users_helper.rb": [
        1,
        null
      ],
      "/home/daniel/projects/earlymarket/coposition/app/helpers/checkins_helper.rb": [
        1,
        null
      ],
      "/home/daniel/projects/earlymarket/coposition/app/helpers/welcome_helper.rb": [
        1,
        null
      ],
      "/home/daniel/projects/earlymarket/coposition/app/controllers/developers/devise/registrations_controller.rb": [
        1,
        1,
        1,
        null,
        null,
        null,
        null,
        null,
        null,
        null,
        null,
        null,
        null,
        null,
        null,
        null,
        null,
        null,
        null,
        null,
        null,
        null,
        null,
        null,
        null,
        null,
        null,
        null,
        null,
        null,
        null,
        null,
        null,
        null,
        null,
        null,
        null,
        null,
        1,
        null,
        null,
        1,
        2,
        null,
        null,
        null,
        1,
        0,
        null,
        null,
        null,
        null,
        null,
        null,
        null,
        null,
        null,
        null,
        null,
        null
      ],
      "/home/daniel/projects/earlymarket/coposition/app/controllers/developers/consoles_controller.rb": [
        1,
        1,
        null,
        1,
        null,
        null,
        null
      ],
      "/home/daniel/projects/earlymarket/coposition/app/controllers/developers/approvals_controller.rb": [
        1,
        null,
        1,
        null,
        1,
        1,
        null,
        null,
        1,
        2,
        null,
        null,
        1,
        1,
        1,
        null,
        0,
        null,
        1,
        null,
        null,
        1,
        1,
        null,
        null,
        null
      ],
      "/home/daniel/projects/earlymarket/coposition/app/models/approval.rb": [
        1,
        null,
        1,
        1,
        1,
        null,
        null,
        1,
        1,
        null,
        1,
        0,
        null,
        null,
        1,
        0,
        null,
        null,
        null
      ],
      "/home/daniel/projects/earlymarket/coposition/app/controllers/users/devise/registrations_controller.rb": [
        1,
        1,
        1,
        null,
        null,
        null,
        null,
        null,
        null,
        null,
        null,
        null,
        null,
        null,
        null,
        null,
        null,
        null,
        null,
        null,
        null,
        null,
        null,
        null,
        null,
        null,
        null,
        null,
        null,
        null,
        null,
        null,
        null,
        null,
        null,
        null,
        null,
        null,
        1,
        null,
        null,
        1,
        1,
        null,
        null,
        null,
        1,
        0,
        null,
        null,
        null,
        null,
        null,
        null,
        null,
        null,
        null,
        null,
        null,
        null
      ]
    },
    "timestamp": 1443695210
  }
}
